-- Catapult University Version: Report                                              
-- ---------------------------- ---------------------------------------------------
-- Version:                     10.0a/269363 Production Release                     
-- Build Date:                  Wed Nov  9 17:38:00 PST 2016                        
                                                                                    
-- Generated by:                xph3sei702@cimeld95                                 
-- Generated date:              Wed Jan 24 16:19:53 CET 2018                        

Solution Settings: apply_conv.v12
  Current state: schedule
  Project: Catapult_1
  
  Design Input Files Specified
    $PROJECT_HOME/testbench.cpp
    $PROJECT_HOME/image.cpp
    $PROJECT_HOME/kernel.cpp
      $PROJECT_HOME/kernel.h
        $MGC_HOME/shared/include/ac_fixed.h
          $MGC_HOME/shared/include/ac_int.h
    $PROJECT_HOME/convolution.cpp
      $PROJECT_HOME/convolution.h
        $MGC_HOME/shared/include/ac_fixed.h
          $MGC_HOME/shared/include/ac_int.h
        $PROJECT_HOME/kernel.h
  
  Processes/Blocks in Design
    Process          Real Operation(s) count Latency Throughput Reset Length II Comments 
    ---------------- ----------------------- ------- ---------- ------------ -- --------
    /apply_conv/core                     196 1614493    1614492            1  0          
    Design Total:                        196 1614493    1614492            1  1          
    
  Clock Information
    Clock Signal Edge   Period Sharing Alloc (%) Uncertainty Used by Processes/Blocks 
    ------------ ------ ------ ----------------- ----------- ------------------------
    clk          rising 40.000             20.00    0.000000 /apply_conv/core         
    
  I/O Data Ranges
    Port                   Mode DeclType DeclWidth DeclRange ActType ActWidth ActRange 
    ---------------------- ---- -------- --------- --------- ------- -------- --------
    clk                    IN   Unsigned         1                                     
    rst                    IN   Unsigned         1                                     
    conv_in:rsc.data_out   IN   Unsigned        10                                     
    conv_in:rsc.addr       OUT  Unsigned        16                                     
    conv_in:rsc.re         OUT  Unsigned         1                                     
    conv_in:rsc.triosy.lz  OUT  Unsigned         1                                     
    conv_out:rsc.data_in   OUT  Unsigned        11                                     
    conv_out:rsc.addr      OUT  Unsigned        16                                     
    conv_out:rsc.we        OUT  Unsigned         1                                     
    conv_out:rsc.triosy.lz OUT  Unsigned         1                                     
    
  Memory Resources
    Resource Name: /apply_conv/core/pad_input:rsc
      Memory Component: singleport                   Size:         59292 x 10
      External:         false                        Packing Mode: absolute
      Memory Map:
      Variable                   Indices Phys Memory Address         
      -------------------------- ------- ---------------------------
      /apply_conv/core/pad_input     0:9 0000e79b-00000000 (59291-0) 
      
    Resource Name: /apply_conv/conv_in:rsc
      Memory Component: singleport                   Size:         57600 x 10
      External:         true                         Packing Mode: absolute
      Memory Map:
      Variable            Indices Phys Memory Address         
      ------------------- ------- ---------------------------
      /apply_conv/conv_in     0:9 0000e0ff-00000000 (57599-0) 
      
    Resource Name: /apply_conv/conv_out:rsc
      Memory Component: singleport                   Size:         57600 x 11
      External:         true                         Packing Mode: absolute
      Memory Map:
      Variable             Indices Phys Memory Address         
      -------------------- ------- ---------------------------
      /apply_conv/conv_out    0:10 0000e0ff-00000000 (57599-0) 
      
  Multi-Cycle (Combinational) Component Usage
    Instance Component Name Delay 
    -------- -------------- -----
    
  Loops
    Process          Loop             Iterations C-Steps Total Cycles  Duration  Unroll Init Comments 
    ---------------- ---------------- ---------- ------- ------------- --------- ------ ---- --------
    /apply_conv/core core:rlp           Infinite       1      1614496  64.58 ms                       
    /apply_conv/core  main              Infinite       4      1614495  64.58 ms            1          
    
  Loop Execution Profile
    Process          Loop             Total Cycles % of Overall Design Cycles Throughput Cycles Comments 
    ---------------- ---------------- ------------ -------------------------- ----------------- --------
    /apply_conv/core core:rlp                   1                        0.00          1614492           
    /apply_conv/core  main                1614495                      100.00          1614492           
    
  End of Report
